src/app/build/outputs/logs/manifest-merger-debug-report.txt
-- Merging decision tree log ---
manifest
ADDED from src/main/AndroidManifest.xml:17:1-140:12
	package
		ADDED from src/main/AndroidManifest.xml:18:5-36
		INJECTED from src/main/AndroidManifest.xml
		INJECTED from src/main/AndroidManifest.xml
	android:versionName
		ADDED from src/main/AndroidManifest.xml:20:5-34
		INJECTED from src/main/AndroidManifest.xml
		INJECTED from src/main/AndroidManifest.xml
	android:versionCode
		ADDED from src/main/AndroidManifest.xml:19:5-29
		INJECTED from src/main/AndroidManifest.xml
		INJECTED from src/main/AndroidManifest.xml
	xmlns:android
		ADDED from src/main/AndroidManifest.xml:17:11-69
	android:installLocation
		ADDED from src/main/AndroidManifest.xml:21:5-35
uses-sdk
ADDED from src/main/AndroidManifest.xml:23:5-25:41
	android:targetSdkVersion
		ADDED from src/main/AndroidManifest.xml:25:9-38
		INJECTED from src/main/AndroidManifest.xml
		INJECTED from src/main/AndroidManifest.xml
	android:minSdkVersion
		ADDED from src/main/AndroidManifest.xml:24:9-34
		INJECTED from src/main/AndroidManifest.xml
		INJECTED from src/main/AndroidManifest.xml
supports-screens
ADDED from src/main/AndroidManifest.xml:27:5-31:39
	android:largeScreens
		ADDED from src/main/AndroidManifest.xml:29:9-36
	android:smallScreens
		ADDED from src/main/AndroidManifest.xml:31:9-36
	android:normalScreens
		ADDED from src/main/AndroidManifest.xml:30:9-37
	anyDensity
		ADDED from src/main/AndroidManifest.xml:28:9-27
uses-permission#android.permission.INTERNET
ADDED from src/main/AndroidManifest.xml:33:5-67
	android:name
		ADDED from src/main/AndroidManifest.xml:33:22-64
uses-permission#android.permission.ACCESS_NETWORK_STATE
ADDED from src/main/AndroidManifest.xml:34:5-79
	android:name
		ADDED from src/main/AndroidManifest.xml:34:22-76
uses-permission#android.permission.VIBRATE
ADDED from src/main/AndroidManifest.xml:35:5-66
	android:name
		ADDED from src/main/AndroidManifest.xml:35:22-63
uses-permission#android.permission.WRITE_EXTERNAL_STORAGE
ADDED from src/main/AndroidManifest.xml:36:5-81
	android:name
		ADDED from src/main/AndroidManifest.xml:36:22-78
uses-permission#android.permission.WAKE_LOCK
ADDED from src/main/AndroidManifest.xml:37:5-68
	android:name
		ADDED from src/main/AndroidManifest.xml:37:22-65
uses-permission#com.android.vending.BILLING
ADDED from src/main/AndroidManifest.xml:38:2-64
	android:name
		ADDED from src/main/AndroidManifest.xml:38:19-61
application
ADDED from src/main/AndroidManifest.xml:40:5-138:15
	android:label
		ADDED from src/main/AndroidManifest.xml:43:9-41
	android:icon
		ADDED from src/main/AndroidManifest.xml:42:9-38
	android:name
		ADDED from src/main/AndroidManifest.xml:41:9-57
activity#net.robotmedia.acv.ui.ComicViewerActivity
ADDED from src/main/AndroidManifest.xml:45:9-96:20
	android:screenOrientation
		ADDED from src/main/AndroidManifest.xml:48:13-49
	android:label
		ADDED from src/main/AndroidManifest.xml:47:13-45
	android:theme
		ADDED from src/main/AndroidManifest.xml:49:13-41
	android:name
		ADDED from src/main/AndroidManifest.xml:46:13-69
intent-filter#android.intent.action.MAIN+android.intent.category.LAUNCHER
ADDED from src/main/AndroidManifest.xml:51:13-55:29
action#android.intent.action.MAIN
ADDED from src/main/AndroidManifest.xml:52:17-69
	android:name
		ADDED from src/main/AndroidManifest.xml:52:25-66
category#android.intent.category.LAUNCHER
ADDED from src/main/AndroidManifest.xml:54:17-77
	android:name
		ADDED from src/main/AndroidManifest.xml:54:27-74
intent-filter#android.intent.action.VIEW+android.intent.category.DEFAULT
ADDED from src/main/AndroidManifest.xml:56:13-95:29
action#android.intent.action.VIEW
ADDED from src/main/AndroidManifest.xml:57:17-58:26
	android:name
		ADDED from src/main/AndroidManifest.xml:57:25-66
category#android.intent.category.DEFAULT
ADDED from src/main/AndroidManifest.xml:60:17-61:28
	android:name
		ADDED from src/main/AndroidManifest.xml:60:27-73
data
ADDED from src/main/AndroidManifest.xml:63:17-66:24
	android:scheme
		ADDED from src/main/AndroidManifest.xml:65:21-42
	android:mimeType
		ADDED from src/main/AndroidManifest.xml:64:21-57
activity#net.robotmedia.acv.ui.BrowseActivity
ADDED from src/main/AndroidManifest.xml:97:9-101:20
	android:label
		ADDED from src/main/AndroidManifest.xml:99:13-58
	android:name
		ADDED from src/main/AndroidManifest.xml:98:13-64
activity#net.robotmedia.acv.ui.SDBrowserActivity
ADDED from src/main/AndroidManifest.xml:102:9-106:20
	android:screenOrientation
		ADDED from src/main/AndroidManifest.xml:105:13-47
	android:label
		ADDED from src/main/AndroidManifest.xml:104:13-62
	android:name
		ADDED from src/main/AndroidManifest.xml:103:13-67
activity#net.robotmedia.acv.ui.settings.mobile.SettingsActivityMobile
ADDED from src/main/AndroidManifest.xml:107:9-110:20
	android:label
		ADDED from src/main/AndroidManifest.xml:109:13-60
	android:name
		ADDED from src/main/AndroidManifest.xml:108:13-88
activity#net.robotmedia.acv.ui.settings.tablet.SettingsActivityTablet
ADDED from src/main/AndroidManifest.xml:111:9-114:20
	android:label
		ADDED from src/main/AndroidManifest.xml:113:13-60
	android:name
		ADDED from src/main/AndroidManifest.xml:112:13-88
activity#net.robotmedia.acv.ui.settings.mobile.VisualSettingsActivity
ADDED from src/main/AndroidManifest.xml:115:9-118:20
	android:label
		ADDED from src/main/AndroidManifest.xml:117:13-58
	android:name
		ADDED from src/main/AndroidManifest.xml:116:13-88
activity#net.robotmedia.acv.ui.settings.mobile.ControlSettingsActivity
ADDED from src/main/AndroidManifest.xml:119:9-122:20
	android:label
		ADDED from src/main/AndroidManifest.xml:121:13-60
	android:name
		ADDED from src/main/AndroidManifest.xml:120:13-89
activity#net.robotmedia.acv.ui.settings.mobile.StorageSettingsActivity
ADDED from src/main/AndroidManifest.xml:123:9-125:20
	android:label
		ADDED from src/main/AndroidManifest.xml:124:13-58
	android:name
		ADDED from src/main/AndroidManifest.xml:123:19-95
activity#net.robotmedia.acv.ui.settings.mobile.AboutSettingsActivity
ADDED from src/main/AndroidManifest.xml:126:9-129:20
	android:label
		ADDED from src/main/AndroidManifest.xml:128:13-57
	android:name
		ADDED from src/main/AndroidManifest.xml:127:13-87
activity#net.robotmedia.acv.ui.settings.mobile.AdvancedSettingsActivity
ADDED from src/main/AndroidManifest.xml:130:9-132:20
	android:label
		ADDED from src/main/AndroidManifest.xml:131:13-57
	android:name
		ADDED from src/main/AndroidManifest.xml:130:19-96
activity#net.robotmedia.acv.ui.SubscribeActivity
ADDED from src/main/AndroidManifest.xml:133:9-137:59
	android:screenOrientation
		ADDED from src/main/AndroidManifest.xml:136:13-47
	android:label
		ADDED from src/main/AndroidManifest.xml:135:13-61
	android:theme
		ADDED from src/main/AndroidManifest.xml:137:13-56
	android:name
		ADDED from src/main/AndroidManifest.xml:134:13-67